<?xml version="1.0" encoding="UTF-8"?>
<!-- Generated by org.testng.reporters.JUnitReportReporter -->
<testsuite hostname="DESKTOP-7DGNRCH" failures="0" tests="3" name="MyPackOzone.ProjectOzone.Base" time="5.810" errors="0" timestamp="2023-05-25T06:43:31 IST" skipped="0">
  <testcase classname="MyPackOzone.ProjectOzone.Base" name="homePgValidation" time="1.568"/>
  <system-out/>
  <testcase classname="MyPackOzone.ProjectOzone.Base" name="loginPgValidation" time="1.319"/>
  <system-out/>
  <testcase classname="MyPackOzone.ProjectOzone.Base" name="signUpPgValidation" time="2.923"/>
  <system-out/>
</testsuite> <!-- MyPackOzone.ProjectOzone.Base -->
